<?xml version="1.0" encoding="UTF-8"?>
<!-- Generated by org.testng.reporters.JUnitReportReporter -->
<testsuite hostname="DESKTOP-62AVA1A" failures="0" tests="9" name="com.orange.TEstCase.TC_loginPage" time="27.063" errors="0" timestamp="2022-07-01T17:39:36 IST" skipped="0">
  <testcase classname="com.orange.TEstCase.TC_loginPage" name="loginToChrome" time="2.354"/>
  <system-out/>
  <testcase classname="com.orange.TEstCase.TC_loginPage" name="loginToChrome" time="2.214"/>
  <system-out/>
  <testcase classname="com.orange.TEstCase.TC_loginPage" name="loginToChrome" time="2.889"/>
  <system-out/>
  <testcase classname="com.orange.TEstCase.TC_loginPage" name="loginToChrome" time="7.663"/>
  <system-out/>
  <testcase classname="com.orange.TEstCase.TC_loginPage" name="loginToChrome" time="2.444"/>
  <system-out/>
  <testcase classname="com.orange.TEstCase.TC_loginPage" name="loginToChrome" time="2.392"/>
  <system-out/>
  <testcase classname="com.orange.TEstCase.TC_loginPage" name="loginToChrome" time="2.402"/>
  <system-out/>
  <testcase classname="com.orange.TEstCase.TC_loginPage" name="loginToChrome" time="2.267"/>
  <system-out/>
  <testcase classname="com.orange.TEstCase.TC_loginPage" name="loginToChrome" time="2.438"/>
  <system-out/>
</testsuite> <!-- com.orange.TEstCase.TC_loginPage -->
