<?xml version="1.0" encoding="UTF-8"?>
<!-- Generated by org.testng.reporters.JUnitReportReporter -->
<testsuite hostname="DESKTOP-62AVA1A" failures="0" tests="1" name="com.orange.TEstCase.Assignment3" time="82.542" errors="0" timestamp="2022-06-22T16:13:11 IST" skipped="0">
  <testcase classname="com.orange.TEstCase.Assignment3" name="assignment3" time="82.542"/>
  <system-out/>
</testsuite> <!-- com.orange.TEstCase.Assignment3 -->
