<?xml version="1.0" encoding="UTF-8"?>
<!-- Generated by org.testng.reporters.JUnitReportReporter -->
<testsuite hostname="DESKTOP-62AVA1A" failures="0" tests="1" name="com.orange.TEstCase.assignment9" time="0.014" errors="0" timestamp="2022-06-22T16:56:38 IST" skipped="0">
  <testcase classname="com.orange.TEstCase.assignment9" name="second" time="0.014"/>
  <system-out/>
</testsuite> <!-- com.orange.TEstCase.assignment9 -->
