<?xml version="1.0" encoding="UTF-8"?>
<!-- Generated by org.testng.reporters.JUnitReportReporter -->
<testsuite hostname="DESKTOP-62AVA1A" failures="0" tests="1" name="com.orange.TEstCase.assigmnet10" time="15.421" errors="0" timestamp="2022-06-22T17:13:45 IST" skipped="0">
  <testcase classname="com.orange.TEstCase.assigmnet10" name="assignment3b" time="15.421"/>
  <system-out/>
</testsuite> <!-- com.orange.TEstCase.assigmnet10 -->
